<?xml version="1.0" encoding="UTF-8"?>
<!-- Generated by org.testng.reporters.JUnitReportReporter -->
<testsuite skipped="0" hostname="CybertekSchools-iMac.local" name="RestAPI.Testing.users.JSONPath_Practice" tests="2" failures="0" timestamp="25 Aug 2018 20:11:58 GMT" time="0.541" errors="0">
  <testcase name="testAdminUserShouldBeAbleToUpdateExistingUser" time="0.296" classname="RestAPI.Testing.users.JSONPath_Practice"/>
  <testcase name="testAdminUserShouldBeAbleToDeleteUser" time="0.245" classname="RestAPI.Testing.users.JSONPath_Practice"/>
</testsuite> <!-- RestAPI.Testing.users.JSONPath_Practice -->
