<?xml version="1.0" encoding="UTF-8"?>
<!-- Generated by org.testng.reporters.JUnitReportReporter -->
<testsuite skipped="0" hostname="CybertekSchools-iMac.local" name="RestAPI.Testing.users.JSONPathTest" tests="1" failures="0" timestamp="25 Aug 2018 21:01:33 GMT" time="1.342" errors="0">
  <testcase name="driverinfoTest" time="1.342" classname="RestAPI.Testing.users.JSONPathTest"/>
</testsuite> <!-- RestAPI.Testing.users.JSONPathTest -->
