<?xml version="1.0" encoding="UTF-8"?>
<!-- Generated by org.testng.reporters.JUnitReportReporter -->
<testsuite skipped="0" hostname="CybertekSchools-iMac.local" name="RestAPI.Testing.users.ContributorTest" tests="1" failures="0" timestamp="26 Aug 2018 15:01:39 GMT" time="1.379" errors="0">
  <testcase name="adminUser_ShouldBeAbleTo_PublishThePendingPosts" time="1.379" classname="RestAPI.Testing.users.ContributorTest"/>
</testsuite> <!-- RestAPI.Testing.users.ContributorTest -->
