<?xml version="1.0" encoding="UTF-8"?>
<!-- Generated by org.testng.reporters.JUnitReportReporter -->
<testsuite skipped="0" hostname="CybertekSchools-iMac.local" name="RestAPI.Testing.users.JsonPath_PRACTICE2" tests="2" failures="0" timestamp="29 Aug 2018 02:46:25 GMT" time="1.546" errors="1">
  <testcase name="getAllDriverFirstName" time="1.184" classname="RestAPI.Testing.users.JsonPath_PRACTICE2">
    <error type="com.fasterxml.jackson.databind.exc.UnrecognizedPropertyException" message="Unrecognized field &quot;code&quot; (class RestAPI.Testing.users.Driver), not marked as ignorable (6 known properties: &quot;driverId&quot;, &quot;givenName&quot;, &quot;dateOfBirth&quot;, &quot;nationality&quot;, &quot;url&quot;, &quot;familyName&quot;])
 at [Source: (String)&quot;{&quot;code&quot;:&quot;ALB&quot;,&quot;driverId&quot;:&quot;albers&quot;,&quot;nationality&quot;:&quot;Dutch&quot;,&quot;givenName&quot;:&quot;Christijan&quot;,&quot;familyName&quot;:&quot;Albers&quot;,&quot;dateOfBirth&quot;:&quot;1979-04-16&quot;,&quot;url&quot;:&quot;http://en.wikipedia.org/wiki/Christijan_Albers&quot;}&quot;; line: 1, column: 10] (through reference chain: RestAPI.Testing.users.Driver[&quot;code&quot;])">
      <![CDATA[com.fasterxml.jackson.databind.exc.UnrecognizedPropertyException: Unrecognized field "code" (class RestAPI.Testing.users.Driver), not marked as ignorable (6 known properties: "driverId", "givenName", "dateOfBirth", "nationality", "url", "familyName"])
 at [Source: (String)"{"code":"ALB","driverId":"albers","nationality":"Dutch","givenName":"Christijan","familyName":"Albers","dateOfBirth":"1979-04-16","url":"http://en.wikipedia.org/wiki/Christijan_Albers"}"; line: 1, column: 10] (through reference chain: RestAPI.Testing.users.Driver["code"])
at com.fasterxml.jackson.databind.exc.UnrecognizedPropertyException.from(UnrecognizedPropertyException.java:60)
at com.fasterxml.jackson.databind.DeserializationContext.handleUnknownProperty(DeserializationContext.java:822)
at com.fasterxml.jackson.databind.deser.std.StdDeserializer.handleUnknownProperty(StdDeserializer.java:1152)
at com.fasterxml.jackson.databind.deser.BeanDeserializerBase.handleUnknownProperty(BeanDeserializerBase.java:1589)
at com.fasterxml.jackson.databind.deser.BeanDeserializerBase.handleUnknownVanilla(BeanDeserializerBase.java:1567)
at com.fasterxml.jackson.databind.deser.BeanDeserializer.vanillaDeserialize(BeanDeserializer.java:294)
at com.fasterxml.jackson.databind.deser.BeanDeserializer.deserialize(BeanDeserializer.java:151)
at com.fasterxml.jackson.databind.ObjectMapper._readMapAndClose(ObjectMapper.java:4013)
at com.fasterxml.jackson.databind.ObjectMapper.readValue(ObjectMapper.java:3042)
at com.fasterxml.jackson.databind.ObjectMapper$readValue$0.call(Unknown Source)
at io.restassured.internal.path.json.mapping.JsonPathJackson2ObjectDeserializer.deserialize(JsonPathJackson2ObjectDeserializer.groovy:47)
at io.restassured.path.json.mapping.JsonPathObjectDeserializer$deserialize.call(Unknown Source)
at io.restassured.internal.path.json.mapping.JsonObjectDeserializer.deserializeWithJackson2(JsonObjectDeserializer.groovy:98)
at io.restassured.internal.path.json.mapping.JsonObjectDeserializer$deserializeWithJackson2.callStatic(Unknown Source)
at io.restassured.internal.path.json.mapping.JsonObjectDeserializer.deserialize(JsonObjectDeserializer.groovy:67)
at io.restassured.path.json.JsonPath.jsonStringToObject(JsonPath.java:1016)
at io.restassured.path.json.JsonPath.getList(JsonPath.java:398)
at RestAPI.Testing.users.JsonPath_PRACTICE2.getAllDriverFirstName(JsonPath_PRACTICE2.java:126)
at sun.reflect.NativeMethodAccessorImpl.invoke0(Native Method)
at sun.reflect.NativeMethodAccessorImpl.invoke(NativeMethodAccessorImpl.java:62)
at sun.reflect.DelegatingMethodAccessorImpl.invoke(DelegatingMethodAccessorImpl.java:43)
at java.lang.reflect.Method.invoke(Method.java:498)
at org.testng.internal.MethodInvocationHelper.invokeMethod(MethodInvocationHelper.java:124)
at org.testng.internal.Invoker.invokeMethod(Invoker.java:580)
at org.testng.internal.Invoker.invokeTestMethod(Invoker.java:716)
at org.testng.internal.Invoker.invokeTestMethods(Invoker.java:988)
at org.testng.internal.TestMethodWorker.invokeTestMethods(TestMethodWorker.java:125)
at org.testng.internal.TestMethodWorker.run(TestMethodWorker.java:109)
at org.testng.TestRunner.privateRun(TestRunner.java:648)
at org.testng.TestRunner.run(TestRunner.java:505)
at org.testng.SuiteRunner.runTest(SuiteRunner.java:455)
at org.testng.SuiteRunner.runSequentially(SuiteRunner.java:450)
at org.testng.SuiteRunner.privateRun(SuiteRunner.java:415)
at org.testng.SuiteRunner.run(SuiteRunner.java:364)
at org.testng.SuiteRunnerWorker.runSuite(SuiteRunnerWorker.java:52)
at org.testng.SuiteRunnerWorker.run(SuiteRunnerWorker.java:84)
at org.testng.TestNG.runSuitesSequentially(TestNG.java:1208)
at org.testng.TestNG.runSuitesLocally(TestNG.java:1137)
at org.testng.TestNG.runSuites(TestNG.java:1049)
at org.testng.TestNG.run(TestNG.java:1017)
at org.testng.remote.AbstractRemoteTestNG.run(AbstractRemoteTestNG.java:114)
at org.testng.remote.RemoteTestNG.initAndRun(RemoteTestNG.java:251)
at org.testng.remote.RemoteTestNG.main(RemoteTestNG.java:77)
]]>
    </error>
  </testcase> <!-- getAllDriverFirstName -->
  <testcase name="simpleGetRequest" time="0.362" classname="RestAPI.Testing.users.JsonPath_PRACTICE2"/>
</testsuite> <!-- RestAPI.Testing.users.JsonPath_PRACTICE2 -->
