<?xml version="1.0" encoding="UTF-8"?>
<!-- Generated by org.testng.reporters.JUnitReportReporter -->
<testsuite skipped="0" hostname="DESKTOP-MVILU3I" name="RestAPI.Testing.users.JsonPath_GOT" tests="1" failures="0" timestamp="07 Dec 2018 00:11:38 GMT" time="11.330" errors="0">
  <testcase name="testJsonPath" time="11.330" classname="RestAPI.Testing.users.JsonPath_GOT"/>
</testsuite> <!-- RestAPI.Testing.users.JsonPath_GOT -->
