<?xml version="1.0" encoding="UTF-8"?>
<!-- Generated by org.testng.reporters.JUnitReportReporter -->
<testsuite skipped="0" hostname="CybertekSchools-iMac.local" name="RestAPI.Testing.users.JSONPath" tests="1" failures="0" timestamp="25 Aug 2018 20:40:38 GMT" time="1.237" errors="0">
  <testcase name="testJSONPath" time="1.237" classname="RestAPI.Testing.users.JSONPath"/>
</testsuite> <!-- RestAPI.Testing.users.JSONPath -->
